d:\учеба\4 семестр\ооп\exeption\exeption\debug\vc120.pdb
d:\учеба\4 семестр\ооп\exeption\exeption\debug\vc120.idb
d:\учеба\4 семестр\ооп\exeption\exeption\debug\classpokupka.obj
d:\учеба\4 семестр\ооп\exeption\exeption\debug\main.obj
d:\учеба\exeption\exeption\debug\vc120.pdb
d:\учеба\exeption\exeption\debug\vc120.idb
d:\учеба\exeption\exeption\debug\classpokupka.obj
d:\учеба\exeption\exeption\debug\main.obj
d:\учеба\4 семестр\ооп\exeption\debug\exeption.ilk
d:\учеба\4 семестр\ооп\exeption\debug\exeption.exe
d:\учеба\4 семестр\ооп\exeption\debug\exeption.pdb
d:\учеба\exeption\debug\exeption.pdb
d:\учеба\exeption\debug\exeption.exe
d:\учеба\exeption\debug\exeption.ilk
d:\учеба\exeption\exeption\debug\exeption.tlog\cl.command.1.tlog
d:\учеба\exeption\exeption\debug\exeption.tlog\cl.read.1.tlog
d:\учеба\exeption\exeption\debug\exeption.tlog\cl.write.1.tlog
d:\учеба\exeption\exeption\debug\exeption.tlog\link.command.1.tlog
d:\учеба\exeption\exeption\debug\exeption.tlog\link.read.1.tlog
d:\учеба\exeption\exeption\debug\exeption.tlog\link.write.1.tlog
